#
# There is insufficient memory for the Java Runtime Environment to continue.
# Native memory allocation (malloc) failed to allocate 53872 bytes for Chunk::new
# Possible reasons:
#   The system is out of physical RAM or swap space
#   The process is running with CompressedOops enabled, and the Java Heap may be blocking the growth of the native heap
# Possible solutions:
#   Reduce memory load on the system
#   Increase physical memory or swap space
#   Check if swap backing store is full
#   Decrease Java heap size (-Xmx/-Xms)
#   Decrease number of Java threads
#   Decrease Java thread stack sizes (-Xss)
#   Set larger code cache with -XX:ReservedCodeCacheSize=
#   JVM is running with Zero Based Compressed Oops mode in which the Java heap is
#     placed in the first 32GB address space. The Java Heap base address is the
#     maximum limit for the native heap growth. Please use -XX:HeapBaseMinAddress
#     to set the Java Heap base and to place the Java Heap above 32GB virtual address.
# This output file may be truncated or incomplete.
#
#  Out of Memory Error (arena.cpp:189), pid=6416, tid=9416
#
# JRE version: Java(TM) SE Runtime Environment (17.0.6+9) (build 17.0.6+9-LTS-190)
# Java VM: Java HotSpot(TM) 64-Bit Server VM (17.0.6+9-LTS-190, mixed mode, sharing, tiered, compressed oops, compressed class ptrs, g1 gc, windows-amd64)
# No core dump will be written. Minidumps are not enabled by default on client versions of Windows
#

---------------  S U M M A R Y ------------

Command Line: -Dmaven.multiModuleProjectDirectory=C:\Users\luke\Desktop\Minerave_WW -Djansi.passthrough=true -Dmaven.home=C:\Program Files\JetBrains\IntelliJ IDEA Community Edition 2022.3.2\plugins\maven\lib\maven3 -Dclassworlds.conf=C:\Program Files\JetBrains\IntelliJ IDEA Community Edition 2022.3.2\plugins\maven\lib\maven3\bin\m2.conf -Dmaven.ext.class.path=C:\Program Files\JetBrains\IntelliJ IDEA Community Edition 2022.3.2\plugins\maven\lib\maven-event-listener.jar -javaagent:C:\Program Files\JetBrains\IntelliJ IDEA Community Edition 2022.3.2\lib\idea_rt.jar=63986:C:\Program Files\JetBrains\IntelliJ IDEA Community Edition 2022.3.2\bin -Dfile.encoding=UTF-8 org.codehaus.classworlds.Launcher -Didea.version=2022.3.3 package

Host: Intel(R) Core(TM) i7-2600 CPU @ 3.40GHz, 8 cores, 15G,  Windows 10 , 64 bit Build 19041 (10.0.19041.3155)
Time: Sun Aug 20 06:21:54 2023 GMT Summer Time elapsed time: 0.789795 seconds (0d 0h 0m 0s)

---------------  T H R E A D  ---------------

Current thread (0x00000225ba6c9ef0):  JavaThread "C2 CompilerThread0" daemon [_thread_in_native, id=9416, stack(0x00000029d0c00000,0x00000029d0d00000)]


Current CompileTask:
C2:    790  596       4       java.lang.String::startsWith (138 bytes)

Stack: [0x00000029d0c00000,0x00000029d0d00000]
Native frames: (J=compiled Java code, j=interpreted, Vv=VM code, C=native code)
V  [jvm.dll+0x6734ea]
V  [jvm.dll+0x7d18f4]
V  [jvm.dll+0x7d309e]
V  [jvm.dll+0x7d3703]
V  [jvm.dll+0x2433c5]
V  [jvm.dll+0xaa46b]
V  [jvm.dll+0xaaa0c]
V  [jvm.dll+0x35eb2e]
V  [jvm.dll+0x329401]
V  [jvm.dll+0x32889a]
V  [jvm.dll+0x215ddf]
V  [jvm.dll+0x215211]
V  [jvm.dll+0x1a1730]
V  [jvm.dll+0x224b6e]
V  [jvm.dll+0x222f15]
V  [jvm.dll+0x78753c]
V  [jvm.dll+0x781a7a]
V  [jvm.dll+0x672375]
C  [ucrtbase.dll+0x21bb2]
C  [KERNEL32.DLL+0x17614]
C  [ntdll.dll+0x526b1]


---------------  P R O C E S S  ---------------

Threads class SMR info:
_java_thread_list=0x00000225bb1ca120, length=13, elements={
0x000002259696edb0, 0x00000225ba6b1e90, 0x00000225ba6b2d00, 0x00000225ba6c3dd0,
0x00000225ba6c78a0, 0x00000225ba6c8860, 0x00000225ba6c9210, 0x00000225ba6c9ef0,
0x00000225ba6ce2a0, 0x00000225ba6d8cb0, 0x00000225ba69ead0, 0x00000225bb229f50,
0x00000225bb207300
}

Java Threads: ( => current thread )
  0x000002259696edb0 JavaThread "main" [_thread_in_vm, id=9488, stack(0x00000029cff00000,0x00000029d0000000)]
  0x00000225ba6b1e90 JavaThread "Reference Handler" daemon [_thread_blocked, id=4172, stack(0x00000029d0600000,0x00000029d0700000)]
  0x00000225ba6b2d00 JavaThread "Finalizer" daemon [_thread_blocked, id=16100, stack(0x00000029d0700000,0x00000029d0800000)]
  0x00000225ba6c3dd0 JavaThread "Signal Dispatcher" daemon [_thread_blocked, id=6756, stack(0x00000029d0800000,0x00000029d0900000)]
  0x00000225ba6c78a0 JavaThread "Attach Listener" daemon [_thread_blocked, id=13532, stack(0x00000029d0900000,0x00000029d0a00000)]
  0x00000225ba6c8860 JavaThread "Service Thread" daemon [_thread_blocked, id=11620, stack(0x00000029d0a00000,0x00000029d0b00000)]
  0x00000225ba6c9210 JavaThread "Monitor Deflation Thread" daemon [_thread_blocked, id=8260, stack(0x00000029d0b00000,0x00000029d0c00000)]
=>0x00000225ba6c9ef0 JavaThread "C2 CompilerThread0" daemon [_thread_in_native, id=9416, stack(0x00000029d0c00000,0x00000029d0d00000)]
  0x00000225ba6ce2a0 JavaThread "C1 CompilerThread0" daemon [_thread_blocked, id=2860, stack(0x00000029d0d00000,0x00000029d0e00000)]
  0x00000225ba6d8cb0 JavaThread "Sweeper thread" daemon [_thread_blocked, id=5152, stack(0x00000029d0e00000,0x00000029d0f00000)]
  0x00000225ba69ead0 JavaThread "Common-Cleaner" daemon [_thread_blocked, id=3052, stack(0x00000029d0f00000,0x00000029d1000000)]
  0x00000225bb229f50 JavaThread "Monitor Ctrl-Break" daemon [_thread_in_native, id=10128, stack(0x00000029d1000000,0x00000029d1100000)]
  0x00000225bb207300 JavaThread "Notification Thread" daemon [_thread_blocked, id=3028, stack(0x00000029d1100000,0x00000029d1200000)]

Other Threads:
  0x00000225ba6ac990 VMThread "VM Thread" [stack: 0x00000029d0500000,0x00000029d0600000] [id=18320]
  0x00000225bb22a750 WatcherThread [stack: 0x00000029d1200000,0x00000029d1300000] [id=6768]
  0x00000225969da570 GCTaskThread "GC Thread#0" [stack: 0x00000029d0000000,0x00000029d0100000] [id=11972]
  0x00000225969ec450 ConcurrentGCThread "G1 Main Marker" [stack: 0x00000029d0100000,0x00000029d0200000] [id=13304]
  0x00000225969ed600 ConcurrentGCThread "G1 Conc#0" [stack: 0x00000029d0200000,0x00000029d0300000] [id=10768]
  0x0000022596a3da00 ConcurrentGCThread "G1 Refine#0" [stack: 0x00000029d0300000,0x00000029d0400000] [id=7796]
  0x0000022596a3e420 ConcurrentGCThread "G1 Service" [stack: 0x00000029d0400000,0x00000029d0500000] [id=2320]

Threads with active compile tasks:
C2 CompilerThread0      840  596       4       java.lang.String::startsWith (138 bytes)

VM state: not at safepoint (normal execution)

VM Mutex/Monitor currently owned by a thread:  ([mutex/lock_event])
[0x0000022594f4e960] Metaspace_lock - owner thread: 0x000002259696edb0

Heap address: 0x0000000700600000, size: 4090 MB, Compressed Oops mode: Zero based, Oop shift amount: 3

CDS archive(s) mapped at: [0x0000000800000000-0x0000000800bd0000-0x0000000800bd0000), size 12386304, SharedBaseAddress: 0x0000000800000000, ArchiveRelocationMode: 0.
Compressed class space mapped at: 0x0000000800c00000-0x0000000840c00000, reserved size: 1073741824
Narrow klass base: 0x0000000800000000, Narrow klass shift: 0, Narrow klass range: 0x100000000

GC Precious Log:
 CPUs: 8 total, 8 available
 Memory: 16354M
 Large Page Support: Disabled
 NUMA Support: Disabled
 Compressed Oops: Enabled (Zero based)
 Heap Region Size: 2M
 Heap Min Capacity: 8M
 Heap Initial Capacity: 256M
 Heap Max Capacity: 4090M
 Pre-touch: Disabled
 Parallel Workers: 8
 Concurrent Workers: 2
 Concurrent Refinement Workers: 8
 Periodic GC: Disabled

Heap:
 garbage-first heap   total 262144K, used 8192K [0x0000000700600000, 0x0000000800000000)
  region size 2048K, 5 young (10240K), 0 survivors (0K)
 Metaspace       used 2764K, committed 2880K, reserved 1056768K
  class space    used 257K, committed 320K, reserved 1048576K

Heap Regions: E=young(eden), S=young(survivor), O=old, HS=humongous(starts), HC=humongous(continues), CS=collection set, F=free, OA=open archive, CA=closed archive, TAMS=top-at-mark-start (previous, next)
|   0|0x0000000700600000, 0x0000000700600000, 0x0000000700800000|  0%| F|  |TAMS 0x0000000700600000, 0x0000000700600000| Untracked 
|   1|0x0000000700800000, 0x0000000700800000, 0x0000000700a00000|  0%| F|  |TAMS 0x0000000700800000, 0x0000000700800000| Untracked 
|   2|0x0000000700a00000, 0x0000000700a00000, 0x0000000700c00000|  0%| F|  |TAMS 0x0000000700a00000, 0x0000000700a00000| Untracked 
|   3|0x0000000700c00000, 0x0000000700c00000, 0x0000000700e00000|  0%| F|  |TAMS 0x0000000700c00000, 0x0000000700c00000| Untracked 
|   4|0x0000000700e00000, 0x0000000700e00000, 0x0000000701000000|  0%| F|  |TAMS 0x0000000700e00000, 0x0000000700e00000| Untracked 
|   5|0x0000000701000000, 0x0000000701000000, 0x0000000701200000|  0%| F|  |TAMS 0x0000000701000000, 0x0000000701000000| Untracked 
|   6|0x0000000701200000, 0x0000000701200000, 0x0000000701400000|  0%| F|  |TAMS 0x0000000701200000, 0x0000000701200000| Untracked 
|   7|0x0000000701400000, 0x0000000701400000, 0x0000000701600000|  0%| F|  |TAMS 0x0000000701400000, 0x0000000701400000| Untracked 
|   8|0x0000000701600000, 0x0000000701600000, 0x0000000701800000|  0%| F|  |TAMS 0x0000000701600000, 0x0000000701600000| Untracked 
|   9|0x0000000701800000, 0x0000000701800000, 0x0000000701a00000|  0%| F|  |TAMS 0x0000000701800000, 0x0000000701800000| Untracked 
|  10|0x0000000701a00000, 0x0000000701a00000, 0x0000000701c00000|  0%| F|  |TAMS 0x0000000701a00000, 0x0000000701a00000| Untracked 
|  11|0x0000000701c00000, 0x0000000701c00000, 0x0000000701e00000|  0%| F|  |TAMS 0x0000000701c00000, 0x0000000701c00000| Untracked 
|  12|0x0000000701e00000, 0x0000000701e00000, 0x0000000702000000|  0%| F|  |TAMS 0x0000000701e00000, 0x0000000701e00000| Untracked 
|  13|0x0000000702000000, 0x0000000702000000, 0x0000000702200000|  0%| F|  |TAMS 0x0000000702000000, 0x0000000702000000| Untracked 
|  14|0x0000000702200000, 0x0000000702200000, 0x0000000702400000|  0%| F|  |TAMS 0x0000000702200000, 0x0000000702200000| Untracked 
|  15|0x0000000702400000, 0x0000000702400000, 0x0000000702600000|  0%| F|  |TAMS 0x0000000702400000, 0x0000000702400000| Untracked 
|  16|0x0000000702600000, 0x0000000702600000, 0x0000000702800000|  0%| F|  |TAMS 0x0000000702600000, 0x0000000702600000| Untracked 
|  17|0x0000000702800000, 0x0000000702800000, 0x0000000702a00000|  0%| F|  |TAMS 0x0000000702800000, 0x0000000702800000| Untracked 
|  18|0x0000000702a00000, 0x0000000702a00000, 0x0000000702c00000|  0%| F|  |TAMS 0x0000000702a00000, 0x0000000702a00000| Untracked 
|  19|0x0000000702c00000, 0x0000000702c00000, 0x0000000702e00000|  0%| F|  |TAMS 0x0000000702c00000, 0x0000000702c00000| Untracked 
|  20|0x0000000702e00000, 0x0000000702e00000, 0x0000000703000000|  0%| F|  |TAMS 0x0000000702e00000, 0x0000000702e00000| Untracked 
|  21|0x0000000703000000, 0x0000000703000000, 0x0000000703200000|  0%| F|  |TAMS 0x0000000703000000, 0x0000000703000000| Untracked 
|  22|0x0000000703200000, 0x0000000703200000, 0x0000000703400000|  0%| F|  |TAMS 0x0000000703200000, 0x0000000703200000| Untracked 
|  23|0x0000000703400000, 0x0000000703400000, 0x0000000703600000|  0%| F|  |TAMS 0x0000000703400000, 0x0000000703400000| Untracked 
|  24|0x0000000703600000, 0x0000000703600000, 0x0000000703800000|  0%| F|  |TAMS 0x0000000703600000, 0x0000000703600000| Untracked 
|  25|0x0000000703800000, 0x0000000703800000, 0x0000000703a00000|  0%| F|  |TAMS 0x0000000703800000, 0x0000000703800000| Untracked 
|  26|0x0000000703a00000, 0x0000000703a00000, 0x0000000703c00000|  0%| F|  |TAMS 0x0000000703a00000, 0x0000000703a00000| Untracked 
|  27|0x0000000703c00000, 0x0000000703c00000, 0x0000000703e00000|  0%| F|  |TAMS 0x0000000703c00000, 0x0000000703c00000| Untracked 
|  28|0x0000000703e00000, 0x0000000703e00000, 0x0000000704000000|  0%| F|  |TAMS 0x0000000703e00000, 0x0000000703e00000| Untracked 
|  29|0x0000000704000000, 0x0000000704000000, 0x0000000704200000|  0%| F|  |TAMS 0x0000000704000000, 0x0000000704000000| Untracked 
|  30|0x0000000704200000, 0x0000000704200000, 0x0000000704400000|  0%| F|  |TAMS 0x0000000704200000, 0x0000000704200000| Untracked 
|  31|0x0000000704400000, 0x0000000704400000, 0x0000000704600000|  0%| F|  |TAMS 0x0000000704400000, 0x0000000704400000| Untracked 
|  32|0x0000000704600000, 0x0000000704600000, 0x0000000704800000|  0%| F|  |TAMS 0x0000000704600000, 0x0000000704600000| Untracked 
|  33|0x0000000704800000, 0x0000000704800000, 0x0000000704a00000|  0%| F|  |TAMS 0x0000000704800000, 0x0000000704800000| Untracked 
|  34|0x0000000704a00000, 0x0000000704a00000, 0x0000000704c00000|  0%| F|  |TAMS 0x0000000704a00000, 0x0000000704a00000| Untracked 
|  35|0x0000000704c00000, 0x0000000704c00000, 0x0000000704e00000|  0%| F|  |TAMS 0x0000000704c00000, 0x0000000704c00000| Untracked 
|  36|0x0000000704e00000, 0x0000000704e00000, 0x0000000705000000|  0%| F|  |TAMS 0x0000000704e00000, 0x0000000704e00000| Untracked 
|  37|0x0000000705000000, 0x0000000705000000, 0x0000000705200000|  0%| F|  |TAMS 0x0000000705000000, 0x0000000705000000| Untracked 
|  38|0x0000000705200000, 0x0000000705200000, 0x0000000705400000|  0%| F|  |TAMS 0x0000000705200000, 0x0000000705200000| Untracked 
|  39|0x0000000705400000, 0x0000000705400000, 0x0000000705600000|  0%| F|  |TAMS 0x0000000705400000, 0x0000000705400000| Untracked 
|  40|0x0000000705600000, 0x0000000705600000, 0x0000000705800000|  0%| F|  |TAMS 0x0000000705600000, 0x0000000705600000| Untracked 
|  41|0x0000000705800000, 0x0000000705800000, 0x0000000705a00000|  0%| F|  |TAMS 0x0000000705800000, 0x0000000705800000| Untracked 
|  42|0x0000000705a00000, 0x0000000705a00000, 0x0000000705c00000|  0%| F|  |TAMS 0x0000000705a00000, 0x0000000705a00000| Untracked 
|  43|0x0000000705c00000, 0x0000000705c00000, 0x0000000705e00000|  0%| F|  |TAMS 0x0000000705c00000, 0x0000000705c00000| Untracked 
|  44|0x0000000705e00000, 0x0000000705e00000, 0x0000000706000000|  0%| F|  |TAMS 0x0000000705e00000, 0x0000000705e00000| Untracked 
|  45|0x0000000706000000, 0x0000000706000000, 0x0000000706200000|  0%| F|  |TAMS 0x0000000706000000, 0x0000000706000000| Untracked 
|  46|0x0000000706200000, 0x0000000706200000, 0x0000000706400000|  0%| F|  |TAMS 0x0000000706200000, 0x0000000706200000| Untracked 
|  47|0x0000000706400000, 0x0000000706400000, 0x0000000706600000|  0%| F|  |TAMS 0x0000000706400000, 0x0000000706400000| Untracked 
|  48|0x0000000706600000, 0x0000000706600000, 0x0000000706800000|  0%| F|  |TAMS 0x0000000706600000, 0x0000000706600000| Untracked 
|  49|0x0000000706800000, 0x0000000706800000, 0x0000000706a00000|  0%| F|  |TAMS 0x0000000706800000, 0x0000000706800000| Untracked 
|  50|0x0000000706a00000, 0x0000000706a00000, 0x0000000706c00000|  0%| F|  |TAMS 0x0000000706a00000, 0x0000000706a00000| Untracked 
|  51|0x0000000706c00000, 0x0000000706c00000, 0x0000000706e00000|  0%| F|  |TAMS 0x0000000706c00000, 0x0000000706c00000| Untracked 
|  52|0x0000000706e00000, 0x0000000706e00000, 0x0000000707000000|  0%| F|  |TAMS 0x0000000706e00000, 0x0000000706e00000| Untracked 
|  53|0x0000000707000000, 0x0000000707000000, 0x0000000707200000|  0%| F|  |TAMS 0x0000000707000000, 0x0000000707000000| Untracked 
|  54|0x0000000707200000, 0x0000000707200000, 0x0000000707400000|  0%| F|  |TAMS 0x0000000707200000, 0x0000000707200000| Untracked 
|  55|0x0000000707400000, 0x0000000707400000, 0x0000000707600000|  0%| F|  |TAMS 0x0000000707400000, 0x0000000707400000| Untracked 
|  56|0x0000000707600000, 0x0000000707600000, 0x0000000707800000|  0%| F|  |TAMS 0x0000000707600000, 0x0000000707600000| Untracked 
|  57|0x0000000707800000, 0x0000000707800000, 0x0000000707a00000|  0%| F|  |TAMS 0x0000000707800000, 0x0000000707800000| Untracked 
|  58|0x0000000707a00000, 0x0000000707a00000, 0x0000000707c00000|  0%| F|  |TAMS 0x0000000707a00000, 0x0000000707a00000| Untracked 
|  59|0x0000000707c00000, 0x0000000707c00000, 0x0000000707e00000|  0%| F|  |TAMS 0x0000000707c00000, 0x0000000707c00000| Untracked 
|  60|0x0000000707e00000, 0x0000000707e00000, 0x0000000708000000|  0%| F|  |TAMS 0x0000000707e00000, 0x0000000707e00000| Untracked 
|  61|0x0000000708000000, 0x0000000708000000, 0x0000000708200000|  0%| F|  |TAMS 0x0000000708000000, 0x0000000708000000| Untracked 
|  62|0x0000000708200000, 0x0000000708200000, 0x0000000708400000|  0%| F|  |TAMS 0x0000000708200000, 0x0000000708200000| Untracked 
|  63|0x0000000708400000, 0x0000000708400000, 0x0000000708600000|  0%| F|  |TAMS 0x0000000708400000, 0x0000000708400000| Untracked 
|  64|0x0000000708600000, 0x0000000708600000, 0x0000000708800000|  0%| F|  |TAMS 0x0000000708600000, 0x0000000708600000| Untracked 
|  65|0x0000000708800000, 0x0000000708800000, 0x0000000708a00000|  0%| F|  |TAMS 0x0000000708800000, 0x0000000708800000| Untracked 
|  66|0x0000000708a00000, 0x0000000708a00000, 0x0000000708c00000|  0%| F|  |TAMS 0x0000000708a00000, 0x0000000708a00000| Untracked 
|  67|0x0000000708c00000, 0x0000000708c00000, 0x0000000708e00000|  0%| F|  |TAMS 0x0000000708c00000, 0x0000000708c00000| Untracked 
|  68|0x0000000708e00000, 0x0000000708e00000, 0x0000000709000000|  0%| F|  |TAMS 0x0000000708e00000, 0x0000000708e00000| Untracked 
|  69|0x0000000709000000, 0x0000000709000000, 0x0000000709200000|  0%| F|  |TAMS 0x0000000709000000, 0x0000000709000000| Untracked 
|  70|0x0000000709200000, 0x0000000709200000, 0x0000000709400000|  0%| F|  |TAMS 0x0000000709200000, 0x0000000709200000| Untracked 
|  71|0x0000000709400000, 0x0000000709400000, 0x0000000709600000|  0%| F|  |TAMS 0x0000000709400000, 0x0000000709400000| Untracked 
|  72|0x0000000709600000, 0x0000000709600000, 0x0000000709800000|  0%| F|  |TAMS 0x0000000709600000, 0x0000000709600000| Untracked 
|  73|0x0000000709800000, 0x0000000709800000, 0x0000000709a00000|  0%| F|  |TAMS 0x0000000709800000, 0x0000000709800000| Untracked 
|  74|0x0000000709a00000, 0x0000000709a00000, 0x0000000709c00000|  0%| F|  |TAMS 0x0000000709a00000, 0x0000000709a00000| Untracked 
|  75|0x0000000709c00000, 0x0000000709c00000, 0x0000000709e00000|  0%| F|  |TAMS 0x0000000709c00000, 0x0000000709c00000| Untracked 
|  76|0x0000000709e00000, 0x0000000709e00000, 0x000000070a000000|  0%| F|  |TAMS 0x0000000709e00000, 0x0000000709e00000| Untracked 
|  77|0x000000070a000000, 0x000000070a000000, 0x000000070a200000|  0%| F|  |TAMS 0x000000070a000000, 0x000000070a000000| Untracked 
|  78|0x000000070a200000, 0x000000070a200000, 0x000000070a400000|  0%| F|  |TAMS 0x000000070a200000, 0x000000070a200000| Untracked 
|  79|0x000000070a400000, 0x000000070a400000, 0x000000070a600000|  0%| F|  |TAMS 0x000000070a400000, 0x000000070a400000| Untracked 
|  80|0x000000070a600000, 0x000000070a600000, 0x000000070a800000|  0%| F|  |TAMS 0x000000070a600000, 0x000000070a600000| Untracked 
|  81|0x000000070a800000, 0x000000070a800000, 0x000000070aa00000|  0%| F|  |TAMS 0x000000070a800000, 0x000000070a800000| Untracked 
|  82|0x000000070aa00000, 0x000000070aa00000, 0x000000070ac00000|  0%| F|  |TAMS 0x000000070aa00000, 0x000000070aa00000| Untracked 
|  83|0x000000070ac00000, 0x000000070ac00000, 0x000000070ae00000|  0%| F|  |TAMS 0x000000070ac00000, 0x000000070ac00000| Untracked 
|  84|0x000000070ae00000, 0x000000070ae00000, 0x000000070b000000|  0%| F|  |TAMS 0x000000070ae00000, 0x000000070ae00000| Untracked 
|  85|0x000000070b000000, 0x000000070b000000, 0x000000070b200000|  0%| F|  |TAMS 0x000000070b000000, 0x000000070b000000| Untracked 
|  86|0x000000070b200000, 0x000000070b200000, 0x000000070b400000|  0%| F|  |TAMS 0x000000070b200000, 0x000000070b200000| Untracked 
|  87|0x000000070b400000, 0x000000070b400000, 0x000000070b600000|  0%| F|  |TAMS 0x000000070b400000, 0x000000070b400000| Untracked 
|  88|0x000000070b600000, 0x000000070b600000, 0x000000070b800000|  0%| F|  |TAMS 0x000000070b600000, 0x000000070b600000| Untracked 
|  89|0x000000070b800000, 0x000000070b800000, 0x000000070ba00000|  0%| F|  |TAMS 0x000000070b800000, 0x000000070b800000| Untracked 
|  90|0x000000070ba00000, 0x000000070ba00000, 0x000000070bc00000|  0%| F|  |TAMS 0x000000070ba00000, 0x000000070ba00000| Untracked 
|  91|0x000000070bc00000, 0x000000070bc00000, 0x000000070be00000|  0%| F|  |TAMS 0x000000070bc00000, 0x000000070bc00000| Untracked 
|  92|0x000000070be00000, 0x000000070be00000, 0x000000070c000000|  0%| F|  |TAMS 0x000000070be00000, 0x000000070be00000| Untracked 
|  93|0x000000070c000000, 0x000000070c000000, 0x000000070c200000|  0%| F|  |TAMS 0x000000070c000000, 0x000000070c000000| Untracked 
|  94|0x000000070c200000, 0x000000070c200000, 0x000000070c400000|  0%| F|  |TAMS 0x000000070c200000, 0x000000070c200000| Untracked 
|  95|0x000000070c400000, 0x000000070c400000, 0x000000070c600000|  0%| F|  |TAMS 0x000000070c400000, 0x000000070c400000| Untracked 
|  96|0x000000070c600000, 0x000000070c600000, 0x000000070c800000|  0%| F|  |TAMS 0x000000070c600000, 0x000000070c600000| Untracked 
|  97|0x000000070c800000, 0x000000070c800000, 0x000000070ca00000|  0%| F|  |TAMS 0x000000070c800000, 0x000000070c800000| Untracked 
|  98|0x000000070ca00000, 0x000000070ca00000, 0x000000070cc00000|  0%| F|  |TAMS 0x000000070ca00000, 0x000000070ca00000| Untracked 
|  99|0x000000070cc00000, 0x000000070cc00000, 0x000000070ce00000|  0%| F|  |TAMS 0x000000070cc00000, 0x000000070cc00000| Untracked 
| 100|0x000000070ce00000, 0x000000070ce00000, 0x000000070d000000|  0%| F|  |TAMS 0x000000070ce00000, 0x000000070ce00000| Untracked 
| 101|0x000000070d000000, 0x000000070d000000, 0x000000070d200000|  0%| F|  |TAMS 0x000000070d000000, 0x000000070d000000| Untracked 
| 102|0x000000070d200000, 0x000000070d200000, 0x000000070d400000|  0%| F|  |TAMS 0x000000070d200000, 0x000000070d200000| Untracked 
| 103|0x000000070d400000, 0x000000070d400000, 0x000000070d600000|  0%| F|  |TAMS 0x000000070d400000, 0x000000070d400000| Untracked 
| 104|0x000000070d600000, 0x000000070d600000, 0x000000070d800000|  0%| F|  |TAMS 0x000000070d600000, 0x000000070d600000| Untracked 
| 105|0x000000070d800000, 0x000000070d800000, 0x000000070da00000|  0%| F|  |TAMS 0x000000070d800000, 0x000000070d800000| Untracked 
| 106|0x000000070da00000, 0x000000070da00000, 0x000000070dc00000|  0%| F|  |TAMS 0x000000070da00000, 0x000000070da00000| Untracked 
| 107|0x000000070dc00000, 0x000000070dc00000, 0x000000070de00000|  0%| F|  |TAMS 0x000000070dc00000, 0x000000070dc00000| Untracked 
| 108|0x000000070de00000, 0x000000070de00000, 0x000000070e000000|  0%| F|  |TAMS 0x000000070de00000, 0x000000070de00000| Untracked 
| 109|0x000000070e000000, 0x000000070e000000, 0x000000070e200000|  0%| F|  |TAMS 0x000000070e000000, 0x000000070e000000| Untracked 
| 110|0x000000070e200000, 0x000000070e200000, 0x000000070e400000|  0%| F|  |TAMS 0x000000070e200000, 0x000000070e200000| Untracked 
| 111|0x000000070e400000, 0x000000070e400000, 0x000000070e600000|  0%| F|  |TAMS 0x000000070e400000, 0x000000070e400000| Untracked 
| 112|0x000000070e600000, 0x000000070e600000, 0x000000070e800000|  0%| F|  |TAMS 0x000000070e600000, 0x000000070e600000| Untracked 
| 113|0x000000070e800000, 0x000000070e800000, 0x000000070ea00000|  0%| F|  |TAMS 0x000000070e800000, 0x000000070e800000| Untracked 
| 114|0x000000070ea00000, 0x000000070ea00000, 0x000000070ec00000|  0%| F|  |TAMS 0x000000070ea00000, 0x000000070ea00000| Untracked 
| 115|0x000000070ec00000, 0x000000070ec00000, 0x000000070ee00000|  0%| F|  |TAMS 0x000000070ec00000, 0x000000070ec00000| Untracked 
| 116|0x000000070ee00000, 0x000000070ee00000, 0x000000070f000000|  0%| F|  |TAMS 0x000000070ee00000, 0x000000070ee00000| Untracked 
| 117|0x000000070f000000, 0x000000070f000000, 0x000000070f200000|  0%| F|  |TAMS 0x000000070f000000, 0x000000070f000000| Untracked 
| 118|0x000000070f200000, 0x000000070f200000, 0x000000070f400000|  0%| F|  |TAMS 0x000000070f200000, 0x000000070f200000| Untracked 
| 119|0x000000070f400000, 0x000000070f400000, 0x000000070f600000|  0%| F|  |TAMS 0x000000070f400000, 0x000000070f400000| Untracked 
| 120|0x000000070f600000, 0x000000070f600000, 0x000000070f800000|  0%| F|  |TAMS 0x000000070f600000, 0x000000070f600000| Untracked 
| 121|0x000000070f800000, 0x000000070f800000, 0x000000070fa00000|  0%| F|  |TAMS 0x000000070f800000, 0x000000070f800000| Untracked 
| 122|0x000000070fa00000, 0x000000070fa00000, 0x000000070fc00000|  0%| F|  |TAMS 0x000000070fa00000, 0x000000070fa00000| Untracked 
| 123|0x000000070fc00000, 0x000000070fc73258, 0x000000070fe00000| 22%| E|  |TAMS 0x000000070fc00000, 0x000000070fc00000| Complete 
| 124|0x000000070fe00000, 0x0000000710000000, 0x0000000710000000|100%| E|CS|TAMS 0x000000070fe00000, 0x000000070fe00000| Complete 
| 125|0x0000000710000000, 0x0000000710200000, 0x0000000710200000|100%| E|CS|TAMS 0x0000000710000000, 0x0000000710000000| Complete 
| 126|0x0000000710200000, 0x0000000710400000, 0x0000000710400000|100%| E|CS|TAMS 0x0000000710200000, 0x0000000710200000| Complete 
| 127|0x0000000710400000, 0x0000000710600000, 0x0000000710600000|100%| E|CS|TAMS 0x0000000710400000, 0x0000000710400000| Complete 

Card table byte_map: [0x00000225aebf0000,0x00000225af3f0000] _byte_map_base: 0x00000225ab3ed000

Marking Bits (Prev, Next): (CMBitMap*) 0x00000225969dab80, (CMBitMap*) 0x00000225969dabc0
 Prev Bits: [0x00000225afbf0000, 0x00000225b3bd8000)
 Next Bits: [0x00000225b3be0000, 0x00000225b7bc8000)

Polling page: 0x0000022596a40000

Metaspace:

Usage:
  Non-class:      2.45 MB used.
      Class:    257.12 KB used.
       Both:      2.70 MB used.

Virtual space:
  Non-class space:        8.00 MB reserved,       2.50 MB ( 31%) committed,  1 nodes.
      Class space:        1.00 GB reserved,     320.00 KB ( <1%) committed,  1 nodes.
             Both:        1.01 GB reserved,       2.81 MB ( <1%) committed. 

Chunk freelists:
   Non-Class:  3.23 MB
       Class:  3.64 MB
        Both:  6.88 MB

MaxMetaspaceSize: unlimited
CompressedClassSpaceSize: 1.00 GB
Initial GC threshold: 21.00 MB
Current GC threshold: 21.00 MB
CDS: on
MetaspaceReclaimPolicy: balanced
 - commit_granule_bytes: 65536.
 - commit_granule_words: 8192.
 - virtual_space_node_default_size: 1048576.
 - enlarge_chunks_in_place: 1.
 - new_chunks_are_fully_committed: 0.
 - uncommit_free_chunks: 1.
 - use_allocation_guard: 0.
 - handle_deallocations: 1.


Internal statistics:

num_allocs_failed_limit: 0.
num_arena_births: 20.
num_arena_deaths: 0.
num_vsnodes_births: 2.
num_vsnodes_deaths: 0.
num_space_committed: 45.
num_space_uncommitted: 0.
num_chunks_returned_to_freelist: 0.
num_chunks_taken_from_freelist: 60.
num_chunk_merges: 0.
num_chunk_splits: 46.
num_chunks_enlarged: 36.
num_purges: 0.
num_inconsistent_stats: 0.

CodeHeap 'non-profiled nmethods': size=120000Kb used=186Kb max_used=186Kb free=119813Kb
 bounds [0x00000225a6450000, 0x00000225a66c0000, 0x00000225ad980000]
CodeHeap 'profiled nmethods': size=120000Kb used=1093Kb max_used=1093Kb free=118906Kb
 bounds [0x000002259e980000, 0x000002259ebf0000, 0x00000225a5eb0000]
CodeHeap 'non-nmethods': size=5760Kb used=1131Kb max_used=1146Kb free=4628Kb
 bounds [0x00000225a5eb0000, 0x00000225a6120000, 0x00000225a6450000]
 total_blobs=1045 nmethods=629 adapters=329
 compilation: enabled
              stopped_count=0, restarted_count=0
 full_count=0

Compilation events (20 events):
Event: 0.760 Thread 0x00000225ba6ce2a0 nmethod 610 0x000002259ea72e10 code [0x000002259ea72fc0, 0x000002259ea731e8]
Event: 0.760 Thread 0x00000225ba6ce2a0  611       3       jdk.internal.util.Preconditions::checkFromIndexSize (25 bytes)
Event: 0.760 Thread 0x00000225ba6ce2a0 nmethod 611 0x000002259ea73310 code [0x000002259ea734c0, 0x000002259ea73688]
Event: 0.760 Thread 0x00000225ba6ce2a0  612       3       sun.net.util.IPAddressUtil::scan (92 bytes)
Event: 0.761 Thread 0x00000225ba6ce2a0 nmethod 612 0x000002259ea73790 code [0x000002259ea73a00, 0x000002259ea74538]
Event: 0.761 Thread 0x00000225ba6ce2a0  613 %     3       java.util.Properties$LineReader::readLine @ 224 (584 bytes)
Event: 0.764 Thread 0x00000225ba6ce2a0 nmethod 613% 0x000002259ea74a90 code [0x000002259ea74e80, 0x000002259ea77e78]
Event: 0.765 Thread 0x00000225ba6ce2a0  615       3       java.util.Properties::getProperty (50 bytes)
Event: 0.765 Thread 0x00000225ba6ce2a0 nmethod 615 0x000002259ea78d10 code [0x000002259ea78ee0, 0x000002259ea793f8]
Event: 0.766 Thread 0x00000225ba6ce2a0  616       3       org.codehaus.plexus.classworlds.realm.ClassRealm::getClassLoadingLock (38 bytes)
Event: 0.766 Thread 0x00000225ba6ce2a0 nmethod 616 0x000002259ea79510 code [0x000002259ea796c0, 0x000002259ea799c8]
Event: 0.767 Thread 0x00000225ba6ce2a0  617       3       java.util.Properties$LineReader::readLine (584 bytes)
Event: 0.770 Thread 0x00000225ba6ce2a0 nmethod 617 0x000002259ea79b10 code [0x000002259ea79ee0, 0x000002259ea7ca78]
Event: 0.770 Thread 0x00000225ba6ce2a0  618       3       sun.net.www.protocol.file.Handler::parseURL (18 bytes)
Event: 0.771 Thread 0x00000225ba6ce2a0 nmethod 618 0x000002259ea7d790 code [0x000002259ea7d940, 0x000002259ea7daf8]
Event: 0.771 Thread 0x00000225ba6ce2a0  619       3       java.net.URLStreamHandler::parseURL (1201 bytes)
Event: 0.772 Thread 0x00000225ba6c9ef0 nmethod 605 0x00000225a647c290 code [0x00000225a647c440, 0x00000225a647c968]
Event: 0.772 Thread 0x00000225ba6c9ef0  614       4       java.lang.StringLatin1::indexOf (121 bytes)
Event: 0.781 Thread 0x00000225ba6c9ef0 nmethod 614 0x00000225a647d090 code [0x00000225a647d220, 0x00000225a647d758]
Event: 0.782 Thread 0x00000225ba6c9ef0  596       4       java.lang.String::startsWith (138 bytes)

GC Heap History (0 events):
No events

Deoptimization events (16 events):
Event: 0.174 Thread 0x000002259696edb0 Uncommon trap: trap_request=0xffffff45 fr.pc=0x00000225a645df5c relative=0x000000000000005c
Event: 0.174 Thread 0x000002259696edb0 Uncommon trap: reason=unstable_if action=reinterpret pc=0x00000225a645df5c method=java.lang.String.isLatin1()Z @ 10 c2
Event: 0.174 Thread 0x000002259696edb0 DEOPT PACKING pc=0x00000225a645df5c sp=0x00000029cfffe490
Event: 0.174 Thread 0x000002259696edb0 DEOPT UNPACKING pc=0x00000225a5f023a3 sp=0x00000029cfffe420 mode 2
Event: 0.530 Thread 0x000002259696edb0 Uncommon trap: trap_request=0xffffff45 fr.pc=0x00000225a6469694 relative=0x0000000000000174
Event: 0.530 Thread 0x000002259696edb0 Uncommon trap: reason=unstable_if action=reinterpret pc=0x00000225a6469694 method=java.util.zip.ZipFile$Source.isMetaName([BII)Z @ 43 c2
Event: 0.530 Thread 0x000002259696edb0 DEOPT PACKING pc=0x00000225a6469694 sp=0x00000029cfffbff0
Event: 0.530 Thread 0x000002259696edb0 DEOPT UNPACKING pc=0x00000225a5f023a3 sp=0x00000029cfffbf98 mode 2
Event: 0.550 Thread 0x000002259696edb0 Uncommon trap: trap_request=0xffffff45 fr.pc=0x00000225a645d430 relative=0x00000000000008d0
Event: 0.550 Thread 0x000002259696edb0 Uncommon trap: reason=unstable_if action=reinterpret pc=0x00000225a645d430 method=java.util.HashMap.putVal(ILjava/lang/Object;Ljava/lang/Object;ZZ)Ljava/lang/Object; @ 181 c2
Event: 0.550 Thread 0x000002259696edb0 DEOPT PACKING pc=0x00000225a645d430 sp=0x00000029cfffbce0
Event: 0.550 Thread 0x000002259696edb0 DEOPT UNPACKING pc=0x00000225a5f023a3 sp=0x00000029cfffbc90 mode 2
Event: 0.763 Thread 0x000002259696edb0 DEOPT PACKING pc=0x000002259e9ea9e5 sp=0x00000029cfffb7a0
Event: 0.763 Thread 0x000002259696edb0 DEOPT UNPACKING pc=0x00000225a5f02b43 sp=0x00000029cfffabf0 mode 0
Event: 0.774 Thread 0x000002259696edb0 DEOPT PACKING pc=0x000002259e9ea9e5 sp=0x00000029cfff9340
Event: 0.774 Thread 0x000002259696edb0 DEOPT UNPACKING pc=0x00000225a5f02b43 sp=0x00000029cfff8790 mode 0

Classes unloaded (0 events):
No events

Classes redefined (0 events):
No events

Internal exceptions (4 events):
Event: 0.183 Thread 0x00000225bb229f50 Exception <a 'java/lang/NoSuchMethodError'{0x0000000710275968}: 'java.lang.Object java.lang.invoke.DirectMethodHandle$Holder.invokeStaticInit(java.lang.Object)'> (0x0000000710275968) 
thrown [s\open\src\hotspot\share\interpreter\linkResolver.cpp, line 759]
Event: 0.209 Thread 0x00000225bb229f50 Exception <a 'java/lang/NoSuchMethodError'{0x00000007102836a8}: 'void java.lang.invoke.DirectMethodHandle$Holder.invokeStatic(java.lang.Object, java.lang.Object)'> (0x00000007102836a8) 
thrown [s\open\src\hotspot\share\interpreter\linkResolver.cpp, line 759]
Event: 0.556 Thread 0x000002259696edb0 Exception <a 'java/lang/NoSuchMethodError'{0x00000007101a8c78}: 'java.lang.Object java.lang.invoke.DirectMethodHandle$Holder.invokeStaticInit(java.lang.Object, int, int, int, int)'> (0x00000007101a8c78) 
thrown [s\open\src\hotspot\share\interpreter\linkResolver.cpp, line 759]
Event: 0.652 Thread 0x000002259696edb0 Exception <a 'java/lang/NoSuchMethodError'{0x000000070fe6c318}: 'java.lang.Object java.lang.invoke.DirectMethodHandle$Holder.invokeStaticInit(java.lang.Object, java.lang.Object, int, int, int, int)'> (0x000000070fe6c318) 
thrown [s\open\src\hotspot\share\interpreter\linkResolver.cpp, line 759]

VM Operations (8 events):
Event: 0.099 Executing VM operation: HandshakeAllThreads
Event: 0.099 Executing VM operation: HandshakeAllThreads done
Event: 0.181 Executing VM operation: HandshakeAllThreads
Event: 0.181 Executing VM operation: HandshakeAllThreads done
Event: 0.509 Executing VM operation: HandshakeAllThreads
Event: 0.509 Executing VM operation: HandshakeAllThreads done
Event: 0.664 Executing VM operation: HandshakeAllThreads
Event: 0.664 Executing VM operation: HandshakeAllThreads done

Events (20 events):
Event: 0.757 loading class java/lang/IllegalAccessException
Event: 0.757 loading class java/lang/IllegalAccessException done
Event: 0.757 loading class java/lang/InstantiationException
Event: 0.757 loading class java/lang/InstantiationException done
Event: 0.762 loading class java/io/StringWriter
Event: 0.762 loading class java/io/StringWriter done
Event: 0.762 loading class java/io/StringReader
Event: 0.763 loading class java/io/StringReader done
Event: 0.765 loading class java/lang/AssertionError
Event: 0.765 loading class java/lang/AssertionError done
Event: 0.771 loading class java/lang/StringIndexOutOfBoundsException
Event: 0.771 loading class java/lang/StringIndexOutOfBoundsException done
Event: 0.778 loading class java/io/FileReader
Event: 0.778 loading class java/io/FileReader done
Event: 0.780 loading class java/util/regex/Pattern$BnM
Event: 0.780 loading class java/util/regex/Pattern$BnM done
Event: 0.780 loading class java/util/regex/Pattern$SliceS
Event: 0.780 loading class java/util/regex/Pattern$SliceS done
Event: 0.782 loading class java/text/MessageFormat
Event: 0.783 loading class java/text/MessageFormat done


Dynamic libraries:
0x00007ff7e8210000 - 0x00007ff7e8220000 	C:\Program Files\Java\jdk-17\bin\java.exe
0x00007ff8898d0000 - 0x00007ff889ac8000 	C:\WINDOWS\SYSTEM32\ntdll.dll
0x00007ff889040000 - 0x00007ff8890ff000 	C:\WINDOWS\System32\KERNEL32.DLL
0x00007ff887240000 - 0x00007ff887536000 	C:\WINDOWS\System32\KERNELBASE.dll
0x00007ff886fe0000 - 0x00007ff8870e0000 	C:\WINDOWS\System32\ucrtbase.dll
0x00007ff880750000 - 0x00007ff880768000 	C:\Program Files\Java\jdk-17\bin\jli.dll
0x00007ff888190000 - 0x00007ff88823f000 	C:\WINDOWS\System32\ADVAPI32.dll
0x00007ff8882f0000 - 0x00007ff88838e000 	C:\WINDOWS\System32\msvcrt.dll
0x00007ff8880f0000 - 0x00007ff88818c000 	C:\WINDOWS\System32\sechost.dll
0x00007ff888d30000 - 0x00007ff888e56000 	C:\WINDOWS\System32\RPCRT4.dll
0x00007ff887930000 - 0x00007ff887acd000 	C:\WINDOWS\System32\USER32.dll
0x00007ff886fb0000 - 0x00007ff886fd2000 	C:\WINDOWS\System32\win32u.dll
0x00007ff889100000 - 0x00007ff88912c000 	C:\WINDOWS\System32\GDI32.dll
0x00007ff887810000 - 0x00007ff887925000 	C:\WINDOWS\System32\gdi32full.dll
0x00007ff887670000 - 0x00007ff88770d000 	C:\WINDOWS\System32\msvcp_win.dll
0x00007ff872ad0000 - 0x00007ff872aeb000 	C:\Program Files\Java\jdk-17\bin\VCRUNTIME140.dll
0x00007ff86f560000 - 0x00007ff86f7fa000 	C:\WINDOWS\WinSxS\amd64_microsoft.windows.common-controls_6595b64144ccf1df_6.0.19041.1110_none_60b5254171f9507e\COMCTL32.dll
0x00007ff8818c0000 - 0x00007ff8818ca000 	C:\WINDOWS\SYSTEM32\VERSION.dll
0x00007ff888d00000 - 0x00007ff888d30000 	C:\WINDOWS\System32\IMM32.DLL
0x00007ff888b50000 - 0x00007ff888ba5000 	C:\WINDOWS\System32\SHLWAPI.dll
0x00007ff886e60000 - 0x00007ff886e92000 	C:\WINDOWS\SYSTEM32\SspiCli.dll
0x00007ff889030000 - 0x00007ff889038000 	C:\WINDOWS\System32\PSAPI.DLL
0x00007ff882af0000 - 0x00007ff882afc000 	C:\Program Files\Java\jdk-17\bin\vcruntime140_1.dll
0x00007ff85d060000 - 0x00007ff85d0ee000 	C:\Program Files\Java\jdk-17\bin\msvcp140.dll
0x00007ff8512d0000 - 0x00007ff851ea7000 	C:\Program Files\Java\jdk-17\bin\server\jvm.dll
0x00007ff876ed0000 - 0x00007ff876ef7000 	C:\WINDOWS\SYSTEM32\WINMM.dll
0x00007ff86c950000 - 0x00007ff86c959000 	C:\WINDOWS\SYSTEM32\WSOCK32.dll
0x00007ff888ae0000 - 0x00007ff888b4b000 	C:\WINDOWS\System32\ws2_32.DLL
0x00007ff884d90000 - 0x00007ff884da2000 	C:\WINDOWS\SYSTEM32\kernel.appcore.dll
0x00007ff8827a0000 - 0x00007ff8827aa000 	C:\Program Files\Java\jdk-17\bin\jimage.dll
0x00007ff875860000 - 0x00007ff875a44000 	C:\WINDOWS\SYSTEM32\DBGHELP.DLL
0x00007ff871290000 - 0x00007ff8712c4000 	C:\WINDOWS\SYSTEM32\dbgcore.DLL
0x00007ff887710000 - 0x00007ff887792000 	C:\WINDOWS\System32\bcryptPrimitives.dll
0x00007ff86a260000 - 0x00007ff86a26e000 	C:\Program Files\Java\jdk-17\bin\instrument.dll
0x00007ff86b1e0000 - 0x00007ff86b205000 	C:\Program Files\Java\jdk-17\bin\java.dll
0x00007ff85cf80000 - 0x00007ff85d057000 	C:\Program Files\Java\jdk-17\bin\jsvml.dll
0x00007ff889130000 - 0x00007ff889874000 	C:\WINDOWS\System32\SHELL32.dll
0x00007ff885070000 - 0x00007ff885803000 	C:\WINDOWS\SYSTEM32\windows.storage.dll
0x00007ff888780000 - 0x00007ff888ad4000 	C:\WINDOWS\System32\combase.dll
0x00007ff886980000 - 0x00007ff8869ae000 	C:\WINDOWS\SYSTEM32\Wldp.dll
0x00007ff888f80000 - 0x00007ff88902d000 	C:\WINDOWS\System32\SHCORE.dll
0x00007ff886ee0000 - 0x00007ff886f05000 	C:\WINDOWS\SYSTEM32\profapi.dll
0x00007ff86b140000 - 0x00007ff86b158000 	C:\Program Files\Java\jdk-17\bin\zip.dll
0x00007ff86c430000 - 0x00007ff86c449000 	C:\Program Files\Java\jdk-17\bin\net.dll
0x00007ff87ff20000 - 0x00007ff88002a000 	C:\WINDOWS\SYSTEM32\WINHTTP.dll
0x00007ff886680000 - 0x00007ff8866ea000 	C:\WINDOWS\system32\mswsock.dll
0x00007ff86b1c0000 - 0x00007ff86b1d6000 	C:\Program Files\Java\jdk-17\bin\nio.dll
0x00007ff86a240000 - 0x00007ff86a25a000 	C:\Program Files\JetBrains\IntelliJ IDEA Community Edition 2022.3.2\bin\breakgen64.dll
0x00007ff86b130000 - 0x00007ff86b140000 	C:\Program Files\Java\jdk-17\bin\verify.dll
0x00007ff886880000 - 0x00007ff886898000 	C:\WINDOWS\SYSTEM32\CRYPTSP.dll
0x00007ff885f90000 - 0x00007ff885fc4000 	C:\WINDOWS\system32\rsaenh.dll
0x00007ff887590000 - 0x00007ff8875b7000 	C:\WINDOWS\System32\bcrypt.dll
0x00007ff886ea0000 - 0x00007ff886ece000 	C:\WINDOWS\SYSTEM32\USERENV.dll
0x00007ff886870000 - 0x00007ff88687c000 	C:\WINDOWS\SYSTEM32\CRYPTBASE.dll
0x00007ff886370000 - 0x00007ff8863ab000 	C:\WINDOWS\SYSTEM32\IPHLPAPI.DLL
0x00007ff889880000 - 0x00007ff889888000 	C:\WINDOWS\System32\NSI.dll
0x00007ff880890000 - 0x00007ff8808a7000 	C:\WINDOWS\SYSTEM32\dhcpcsvc6.DLL
0x00007ff880d00000 - 0x00007ff880d1d000 	C:\WINDOWS\SYSTEM32\dhcpcsvc.DLL
0x00007ff8863b0000 - 0x00007ff88647a000 	C:\WINDOWS\SYSTEM32\DNSAPI.dll
0x00007ff86a230000 - 0x00007ff86a23a000 	C:\Users\luke\AppData\Local\Temp\jansi-1.17.1-2107423841710437473.dll

dbghelp: loaded successfully - version: 4.0.5 - missing functions: none
symbol engine: initialized successfully - sym options: 0x614 - pdb path: .;C:\Program Files\Java\jdk-17\bin;C:\WINDOWS\SYSTEM32;C:\WINDOWS\WinSxS\amd64_microsoft.windows.common-controls_6595b64144ccf1df_6.0.19041.1110_none_60b5254171f9507e;C:\Program Files\Java\jdk-17\bin\server;C:\Program Files\JetBrains\IntelliJ IDEA Community Edition 2022.3.2\bin;C:\Users\luke\AppData\Local\Temp

VM Arguments:
jvm_args: -Dmaven.multiModuleProjectDirectory=C:\Users\luke\Desktop\Minerave_WW -Djansi.passthrough=true -Dmaven.home=C:\Program Files\JetBrains\IntelliJ IDEA Community Edition 2022.3.2\plugins\maven\lib\maven3 -Dclassworlds.conf=C:\Program Files\JetBrains\IntelliJ IDEA Community Edition 2022.3.2\plugins\maven\lib\maven3\bin\m2.conf -Dmaven.ext.class.path=C:\Program Files\JetBrains\IntelliJ IDEA Community Edition 2022.3.2\plugins\maven\lib\maven-event-listener.jar -javaagent:C:\Program Files\JetBrains\IntelliJ IDEA Community Edition 2022.3.2\lib\idea_rt.jar=63986:C:\Program Files\JetBrains\IntelliJ IDEA Community Edition 2022.3.2\bin -Dfile.encoding=UTF-8 
java_command: org.codehaus.classworlds.Launcher -Didea.version=2022.3.3 package
java_class_path (initial): C:\Program Files\JetBrains\IntelliJ IDEA Community Edition 2022.3.2\plugins\maven\lib\maven3\boot\plexus-classworlds-2.6.0.jar;C:\Program Files\JetBrains\IntelliJ IDEA Community Edition 2022.3.2\plugins\maven\lib\maven3\boot\plexus-classworlds.license
Launcher Type: SUN_STANDARD

[Global flags]
     intx CICompilerCount                          = 4                                         {product} {ergonomic}
     uint ConcGCThreads                            = 2                                         {product} {ergonomic}
     uint G1ConcRefinementThreads                  = 8                                         {product} {ergonomic}
   size_t G1HeapRegionSize                         = 2097152                                   {product} {ergonomic}
    uintx GCDrainStackTargetSize                   = 64                                        {product} {ergonomic}
   size_t InitialHeapSize                          = 268435456                                 {product} {ergonomic}
   size_t MarkStackSize                            = 4194304                                   {product} {ergonomic}
   size_t MaxHeapSize                              = 4288675840                                {product} {ergonomic}
   size_t MaxNewSize                               = 2573205504                                {product} {ergonomic}
   size_t MinHeapDeltaBytes                        = 2097152                                   {product} {ergonomic}
   size_t MinHeapSize                              = 8388608                                   {product} {ergonomic}
    uintx NonNMethodCodeHeapSize                   = 5839372                                {pd product} {ergonomic}
    uintx NonProfiledCodeHeapSize                  = 122909434                              {pd product} {ergonomic}
    uintx ProfiledCodeHeapSize                     = 122909434                              {pd product} {ergonomic}
    uintx ReservedCodeCacheSize                    = 251658240                              {pd product} {ergonomic}
     bool SegmentedCodeCache                       = true                                      {product} {ergonomic}
   size_t SoftMaxHeapSize                          = 4288675840                             {manageable} {ergonomic}
     bool UseCompressedClassPointers               = true                           {product lp64_product} {ergonomic}
     bool UseCompressedOops                        = true                           {product lp64_product} {ergonomic}
     bool UseG1GC                                  = true                                      {product} {ergonomic}
     bool UseLargePagesIndividualAllocation        = false                                  {pd product} {ergonomic}

Logging:
Log output configuration:
 #0: stdout all=warning uptime,level,tags
 #1: stderr all=off uptime,level,tags

Environment Variables:
JAVA_HOME=C:\Program Files\Java\jdk-17
PATH=C:\Program Files\Eclipse Adoptium\jdk-17.0.6.10-hotspot\bin;C:\Program Files (x86)\Common Files\Oracle\Java\javapath;C:\Program Files\Common Files\Oracle\Java\javapath;C:\Program Files (x86)\OpenJDK\jre-8.0.352.08-hotspot\bin;C:\WINDOWS\system32;C:\WINDOWS;C:\WINDOWS\System32\Wbem;C:\WINDOWS\System32\WindowsPowerShell\v1.0\;C:\WINDOWS\System32\OpenSSH\;C:\Program Files\NVIDIA Corporation\NVIDIA NvDLISR;C:\Program Files (x86)\GNU\GnuPG\pub;C:\Program Files\Git\cmd;C:\Users\luke\AppData\Local\Microsoft\WindowsApps;C:\Users\luke\AppData\Local\GitHubDesktop\bin;C:\Gradle\bin;C:\Users\luke\AppData\Local\Microsoft\WindowsApps;C:\Users\luke\AppData\Local\GitHubDesktop\bin
USERNAME=luke
OS=Windows_NT
PROCESSOR_IDENTIFIER=Intel64 Family 6 Model 42 Stepping 7, GenuineIntel



---------------  S Y S T E M  ---------------

OS:
 Windows 10 , 64 bit Build 19041 (10.0.19041.3155)
OS uptime: 1 days 14:14 hours

CPU: total 8 (initial active 8) (4 cores per cpu, 2 threads per core) family 6 model 42 stepping 7 microcode 0x2f, cx8, cmov, fxsr, ht, mmx, sse, sse2, sse3, ssse3, sse4.1, sse4.2, popcnt, tsc, tscinvbit, avx, aes, clmul, vzeroupper, clflush

Memory: 4k page, system-wide physical 16354M (5240M free)
TotalPageFile size 21354M (AvailPageFile size 15M)
current process WorkingSet (physical memory assigned to process): 53M, peak: 53M
current process commit charge ("private bytes"): 353M, peak: 353M

vm_info: Java HotSpot(TM) 64-Bit Server VM (17.0.6+9-LTS-190) for windows-amd64 JRE (17.0.6+9-LTS-190), built on Dec  6 2022 15:53:54 by "mach5one" with MS VC++ 17.1 (VS2022)

END.
